<?xml version="1.0" encoding="UTF-8"?>
<testng-results ignored="0" total="1" passed="1" failed="0" skipped="0">
  <reporter-output>
  </reporter-output>
  <suite started-at="2024-02-15T17:35:19 PKT" name="Default suite" finished-at="2024-02-15T17:36:23 PKT" duration-ms="64324">
    <groups>
    </groups>
    <test started-at="2024-02-15T17:35:19 PKT" name="Default test" finished-at="2024-02-15T17:36:23 PKT" duration-ms="64324">
      <class name="Pages.OmniTestClass">
        <test-method is-config="true" signature="startApp()[pri:0, instance:Pages.OmniTestClass@48aca48b]" started-at="2024-02-15T17:35:19 PKT" name="startApp" finished-at="2024-02-15T17:35:48 PKT" duration-ms="29493" status="PASS">
          <reporter-output>
          </reporter-output>
        </test-method> <!-- startApp -->
        <test-method signature="loginTest()[pri:0, instance:Pages.OmniTestClass@48aca48b]" started-at="2024-02-15T17:35:48 PKT" name="loginTest" finished-at="2024-02-15T17:36:21 PKT" duration-ms="32294" status="PASS">
          <reporter-output>
          </reporter-output>
        </test-method> <!-- loginTest -->
        <test-method is-config="true" signature="closeApp()[pri:0, instance:Pages.OmniTestClass@48aca48b]" started-at="2024-02-15T17:36:21 PKT" name="closeApp" finished-at="2024-02-15T17:36:23 PKT" duration-ms="2369" status="PASS">
          <reporter-output>
          </reporter-output>
        </test-method> <!-- closeApp -->
      </class> <!-- Pages.OmniTestClass -->
    </test> <!-- Default test -->
  </suite> <!-- Default suite -->
</testng-results>
