<?xml version="1.0" encoding="UTF-8"?>
<testng-results ignored="0" total="1" passed="1" failed="0" skipped="0">
  <reporter-output>
  </reporter-output>
  <suite started-at="2024-02-15T16:46:42 PKT" name="Default suite" finished-at="2024-02-15T16:47:25 PKT" duration-ms="43457">
    <groups>
    </groups>
    <test started-at="2024-02-15T16:46:42 PKT" name="Default test" finished-at="2024-02-15T16:47:25 PKT" duration-ms="43457">
      <class name="Pages.OmniTestClass">
        <test-method is-config="true" signature="startApp()[pri:0, instance:Pages.OmniTestClass@48aca48b]" started-at="2024-02-15T16:46:42 PKT" name="startApp" finished-at="2024-02-15T16:47:03 PKT" duration-ms="21088" status="PASS">
          <reporter-output>
          </reporter-output>
        </test-method> <!-- startApp -->
        <test-method signature="loginTest()[pri:0, instance:Pages.OmniTestClass@48aca48b]" started-at="2024-02-15T16:47:03 PKT" name="loginTest" finished-at="2024-02-15T16:47:23 PKT" duration-ms="19851" status="PASS">
          <reporter-output>
          </reporter-output>
        </test-method> <!-- loginTest -->
        <test-method is-config="true" signature="closeApp()[pri:0, instance:Pages.OmniTestClass@48aca48b]" started-at="2024-02-15T16:47:23 PKT" name="closeApp" finished-at="2024-02-15T16:47:25 PKT" duration-ms="2251" status="PASS">
          <reporter-output>
          </reporter-output>
        </test-method> <!-- closeApp -->
      </class> <!-- Pages.OmniTestClass -->
    </test> <!-- Default test -->
  </suite> <!-- Default suite -->
</testng-results>
